<?xml version="1.0" encoding="UTF-8"?>
<!-- Generated by org.testng.reporters.JUnitReportReporter -->
<testsuite hostname="vinw003419" name="Test.JobTests" tests="2" failures="0" timestamp="18 Nov 2014 12:48:33 GMT" time="23.801" errors="0">
  <testcase name="test001" time="9.354" classname="Test.JobTests"/>
  <testcase name="test002" time="14.447" classname="Test.JobTests"/>
</testsuite> <!-- Test.JobTests -->
